<?xml version="1.0" encoding="UTF-8"?>
<testsuite xmlns:xsi="http://www.w3.org/2001/XMLSchema-instance" xsi:noNamespaceSchemaLocation="https://maven.apache.org/surefire/maven-surefire-plugin/xsd/surefire-test-report-3.0.xsd" version="3.0" name="MessageQueueTest" time="0.003" tests="5" errors="0" skipped="0" failures="0">
  <properties/>
  <testcase name="sizeOfAnEmptyQueueShouldBeZero" classname="MessageQueueTest" time="0"/>
  <testcase name="peekOfQueueShouldBeElement" classname="MessageQueueTest" time="0.001"/>
  <testcase name="whenRemoveAMessageSizeQueueShouldBeZero" classname="MessageQueueTest" time="0"/>
  <testcase name="sizeOfQueueWithOneMessageShouldBeOne" classname="MessageQueueTest" time="0"/>
  <testcase name="peekOfEmptyQueueShouldBeNull" classname="MessageQueueTest" time="0"/>
</testsuite>