<?xml version="1.0" encoding="UTF-8"?>
<testsuite xmlns:xsi="http://www.w3.org/2001/XMLSchema-instance" xsi:noNamespaceSchemaLocation="https://maven.apache.org/surefire/maven-surefire-plugin/xsd/surefire-test-report-3.0.xsd" version="3.0" name="MailboxTest" time="0.004" tests="8" errors="0" skipped="0" failures="0">
  <properties/>
  <testcase name="passcodeShouldBeAPasscode" classname="MailboxTest" time="0.001"/>
  <testcase name="passcodeShouldBeaNewPasscode" classname="MailboxTest" time="0"/>
  <testcase name="ifSaveCurrentMessageKeptMessageSizeShouldBeOne" classname="MailboxTest" time="0"/>
  <testcase name="greetingShouldBeANewGreeting" classname="MailboxTest" time="0"/>
  <testcase name="emptyNewMessagesAndKeptMessagesShouldBeNull" classname="MailboxTest" time="0"/>
  <testcase name="greetingShouldBeAGreeting" classname="MailboxTest" time="0"/>
  <testcase name="correctPasscodeShouldBeTrue" classname="MailboxTest" time="0"/>
  <testcase name="ifAddAMessageInEmptyQueueSizeShouldBeOne" classname="MailboxTest" time="0"/>
</testsuite>